<?xml version="1.0" encoding="UTF-8"?>

<mule xmlns:xsi="http://www.w3.org/2001/XMLSchema-instance"
	xmlns:munit="http://www.mulesoft.org/schema/mule/munit" xmlns:munit-tools="http://www.mulesoft.org/schema/mule/munit-tools"
	xmlns="http://www.mulesoft.org/schema/mule/core" xmlns:doc="http://www.mulesoft.org/schema/mule/documentation"
	xsi:schemaLocation="
		http://www.mulesoft.org/schema/mule/core http://www.mulesoft.org/schema/mule/core/current/mule.xsd
		http://www.mulesoft.org/schema/mule/munit http://www.mulesoft.org/schema/mule/munit/current/mule-munit.xsd
		http://www.mulesoft.org/schema/mule/munit-tools  http://www.mulesoft.org/schema/mule/munit-tools/current/mule-munit-tools.xsd">
	<munit:config name="test-vault-properties-provider-test-suite.xml" />
	<munit:test name="test-vault-properties-provider-test-suiteTest" doc:id="911da143-4276-49ab-93f7-d13d1a6332a8" >
		<munit:execution >
			<flow-ref doc:name="test-vault-properties" doc:id="38e05b38-5d91-42d7-b0ca-3d457898a99d" name="test-vault-properties"/>
		</munit:execution>
		<munit:validation >
			<munit-tools:assert-equals doc:name="Payload is equal to secret" doc:id="2a3bf3bc-e2da-4065-a55d-76f8c04e3774" actual="#[payload]" expected="Vault is working" message="Property value isn't correct"/>
		</munit:validation>
	</munit:test>
	<munit:test name="test-vault-multi-properties-provider-suiteTest" doc:id="eb821b67-0c54-4e45-bfde-b97c88227472" >
		<munit:execution >
			<flow-ref doc:name="test-vault-secret-multi-properties" doc:id="5faf79e1-6629-4f6c-a117-b5d3da4dbaac" name="test-vault-secret-multi-properties" />
		</munit:execution>
		<munit:validation >
			<munit-tools:assert-equals doc:name="Payload is equal to secret1" doc:id="f5934562-1f03-4ddd-a78a-67520379c1d8" actual="#[payload]" expected="Vault is working to multi properties secret" message="Property value isn't correct" />
			<munit-tools:assert-equals doc:name="Variable is equal to secret2" doc:id="863ada4f-50ca-429a-a08d-6276bf28ec4a" actual="#[vars.att2]" expected="Vault is working to multi properties secret2" message="Variable value isn't correct" />
		</munit:validation>
	</munit:test>
</mule>
