<mule xmlns="http://www.mulesoft.org/schema/mule/core"
      xmlns:xsi="http://www.w3.org/2001/XMLSchema-instance"
      xmlns:vault-properties-provider="http://www.mulesoft.org/schema/mule/vault-properties-provider"
      xsi:schemaLocation="http://www.mulesoft.org/schema/mule/core http://www.mulesoft.org/schema/mule/core/current/mule.xsd
          http://www.mulesoft.org/schema/mule/vault-properties-provider http://www.mulesoft.org/schema/mule/vault-properties-provider/current/mule-vault-properties-provider.xsd">


    <vault-properties-provider:config name="config">
        <vault-properties-provider:iam-connection vaultUrl="${vaultUrl}"
                                                  engineVersion = "v2"
                                                  awsAuthMount="aws"
                                                  vaultRole="iam"
                                                  iamRequestUrl="${iamUrl}"
                                                  iamRequestBody="${iamReqBody}"
                                                  iamRequestHeaders="${iamReqHeadersgit st}"/>
    </vault-properties-provider:config>

    <flow name="testFlow">
        <set-payload value="${vault::secret/test/mysecret.att1}" />
    </flow>

</mule>
